,number,value,datetime_start,datetime_complete,duration,params_bagging_fraction,params_bagging_freq,params_boosting_type,params_feature_fraction,params_lambda_l1,params_lambda_l2,params_learning_rate,params_max_bin,params_min_child_samples,params_min_sum_hessian_in_leaf,params_n_estimators,params_num_leaves,state
84,84,0.9932056670756972,2022-06-14 11:24:07.662054,2022-06-14 11:30:19.435489,0 days 00:06:11.773435,0.9040084877228172,3,gbdt,0.7692434478358481,3.984735448334362,0.8745141795942003,0.0377579275053104,198,56,0.05071084925134547,931,221,COMPLETE
85,85,0.9930285835863801,2022-06-14 11:30:19.436382,2022-06-14 11:33:43.519793,0 days 00:03:24.083411,0.9313505699402455,3,gbdt,0.7751559879121973,5.957990991732302e-05,0.7457907666013219,0.039129332457509006,182,58,0.041467535287347985,934,224,COMPLETE
86,86,0.9931416731896829,2022-06-14 11:33:43.520742,2022-06-14 11:38:57.544675,0 days 00:05:14.023933,0.9003710077000041,3,gbdt,0.7647500026923206,3.4601101148987903,0.016554980989382878,0.047272590445631035,196,54,0.05114371713901049,858,236,COMPLETE
87,87,0.9931470582086099,2022-06-14 11:38:57.545630,2022-06-14 11:44:16.369062,0 days 00:05:18.823432,0.9695357246507021,3,gbdt,0.7489970344965815,0.8084219027388353,1.8928814485671257,0.03469173663092117,207,55,0.049266038231476725,814,248,COMPLETE
88,88,0.9927614339707889,2022-06-14 11:44:16.369903,2022-06-14 11:46:59.841329,0 days 00:02:43.471426,0.9136126051163843,2,gbdt,0.819563723415069,0.09557473229911642,0.005283059363463036,0.09201099789744027,188,49,0.05801339394845692,764,241,COMPLETE
89,89,0.9931441085559434,2022-06-14 11:46:59.842208,2022-06-14 11:51:05.290322,0 days 00:04:05.448114,0.8859439718679433,3,gbdt,0.7885599909324992,7.590661218870237,1.16802064613246,0.05292611455979983,173,51,0.05363334294243743,878,222,COMPLETE
90,90,0.9895287947138096,2022-06-14 11:51:05.291193,2022-06-14 11:55:31.629455,0 days 00:04:26.338262,0.8687153437081216,2,gbdt,0.7328942244785464,2.993999373140988,4.890344529807639,0.0011217556892333489,200,54,0.0466348042021103,837,252,COMPLETE
91,91,0.9932031567383902,2022-06-14 11:55:31.630395,2022-06-14 12:00:59.544437,0 days 00:05:27.914042,0.934309426416137,2,gbdt,0.6961601091950862,5.483725174989636,0.29344639881026047,0.04111827969378967,215,57,0.06279594837612607,903,208,COMPLETE
92,92,0.9931584763580967,2022-06-14 12:00:59.545306,2022-06-14 12:06:29.508810,0 days 00:05:29.963504,0.9361983071398796,2,gbdt,0.7168744237492028,4.160372425548189,0.3466251156789958,0.0446189458020778,210,57,0.056034727522897065,955,209,COMPLETE
93,93,0.9928878938315664,2022-06-14 12:06:29.509782,2022-06-14 12:09:09.395055,0 days 00:02:39.885273,0.9459091928219078,2,gbdt,0.792992493426538,6.292489336580371e-06,0.07206851449846932,0.06769286363624152,215,59,0.0610886646174013,900,218,COMPLETE
94,94,0.9931430609137383,2022-06-14 12:09:09.396000,2022-06-14 12:39:45.490267,0 days 00:30:36.094267,0.9033603186603008,2,gbdt,0.761021921205378,1.6836335425069413,0.2436105274826226,0.04017667163495345,222,56,0.05863017622407731,927,256,COMPLETE
95,95,0.9931774990665857,2022-06-14 12:39:45.498772,2022-06-14 13:01:27.093614,0 days 00:21:41.594842,0.9949500264187507,2,gbdt,0.6955029409669029,9.257952697110095,0.7362169770019179,0.030546409576869896,197,52,0.050426552096736556,869,201,COMPLETE
96,96,0.9931888891698252,2022-06-14 13:01:27.094483,2022-06-14 13:08:22.536032,0 days 00:06:55.441549,0.9784619369907862,3,gbdt,0.6987127370116918,8.95602216309851,0.46783398399712395,0.031446789727654356,195,51,0.04230827445005339,892,200,COMPLETE
97,97,0.9932038138433924,2022-06-14 13:08:22.536979,2022-06-14 13:15:01.956641,0 days 00:06:39.419662,0.9796697749007718,4,gbdt,0.7292938982259127,2.9167329120229684,0.03186421129003028,0.0345299340408408,173,53,0.03129385239280457,942,228,COMPLETE
98,98,0.9931554523858109,2022-06-14 13:15:01.957678,2022-06-14 13:21:37.207285,0 days 00:06:35.249607,0.9756129404996225,5,gbdt,0.7296811416955528,2.8907011768888875,0.03630170397978027,0.03649061024754263,165,49,0.018372775915134344,943,229,COMPLETE
99,99,0.9931489469042605,2022-06-14 13:21:37.208329,2022-06-14 13:28:02.054441,0 days 00:06:24.846112,0.9624825013692573,4,gbdt,0.7505488087310148,0.9418749878864038,0.5659450003480617,0.033319988798826174,172,54,0.037629161802554274,962,238,COMPLETE
100,100,0.9929957611461995,2022-06-14 13:28:02.055387,2022-06-14 13:32:10.643083,0 days 00:04:08.587696,0.9196032189826703,4,gbdt,0.854808499917616,0.5430423143498978,0.12564470739635467,0.05960627547150151,185,52,0.024336512801010783,891,214,COMPLETE
101,101,0.9931593357597772,2022-06-14 13:32:10.644135,2022-06-14 13:36:50.600588,0 days 00:04:39.956453,0.9501928815317363,5,gbdt,0.7699800999979424,4.209261809956276,0.003183199107360398,0.04819651215377239,160,57,0.03395466710433758,920,203,COMPLETE
102,102,0.9931361250331272,2022-06-14 13:36:50.601469,2022-06-14 13:41:29.250785,0 days 00:04:38.649316,0.9897520077331959,4,gbdt,0.7051165642548862,1.5272715135909474,2.6888449506499716,0.04203583956328302,192,47,0.03045515558709914,898,197,COMPLETE
103,103,0.9932092563439141,2022-06-14 13:41:29.251883,2022-06-14 13:48:13.649262,0 days 00:06:44.397379,0.878250624484143,3,gbdt,0.719580852213951,2.602491881791772,0.07988137234772308,0.02924964777205579,179,53,0.042416910316894194,938,225,COMPLETE
104,104,0.9930821668628695,2022-06-14 13:48:13.650146,2022-06-14 13:53:35.484047,0 days 00:05:21.833901,0.4813316760608394,3,gbdt,0.7221950807954424,2.51959755144643,0.04494867338861926,0.02904802163850866,177,55,0.035392357167553526,939,225,COMPLETE
105,105,0.9931661809341563,2022-06-14 13:53:35.484927,2022-06-14 13:58:59.866194,0 days 00:05:24.381267,0.8609036422009819,3,gbdt,0.6992120787833075,6.90308598427386,0.011781598365186162,0.03770794039039942,206,53,0.04227057313873246,911,232,COMPLETE
106,106,0.9931400554695184,2022-06-14 13:58:59.867169,2022-06-14 14:05:35.091766,0 days 00:06:35.224597,0.8812031417476042,3,gbdt,0.7415232866970763,1.1016468626709464,0.0713607862786161,0.022541209096079384,148,51,0.030930055829029246,966,216,COMPLETE
107,107,0.9932124601890925,2022-06-14 14:05:35.092737,2022-06-14 14:12:09.010242,0 days 00:06:33.917505,0.8969804677362049,3,gbdt,0.6837404511563321,4.299051088213174,0.17445783378280322,0.027546151169903724,155,56,0.04157221186236866,950,207,COMPLETE
108,108,0.9931500963434796,2022-06-14 14:12:09.011123,2022-06-14 14:17:40.408573,0 days 00:05:31.397450,0.9126277805767113,3,gbdt,0.6906214518276366,0.2617835138894061,1.2907371010333604,0.02830707734113458,179,59,0.03991121311187742,958,221,COMPLETE
